<?xml version="1.0" encoding="UTF-8"?>
<!-- Generated by org.testng.reporters.JUnitReportReporter -->
<testsuite hostname="DESKTOP-INO9JMG" failures="0" tests="1" name="automation.testsuite.Day14_HW_Alada_Editprofile_Test" time="43.921" errors="0" timestamp="2023-08-18T14:26:26 ICT" skipped="0">
  <testcase classname="automation.testsuite.Day14_HW_Alada_Editprofile_Test" name="edit_pass_successfully" time="43.921"/>
</testsuite> <!-- automation.testsuite.Day14_HW_Alada_Editprofile_Test -->
