<?xml version="1.0" encoding="UTF-8"?>
<!-- Generated by org.testng.reporters.JUnitReportReporter -->
<testsuite hostname="DESKTOP-INO9JMG" failures="0" tests="1" name="automation.testsuite.D16_Alert_SendKey" time="4.748" errors="0" timestamp="2023-08-23T21:00:44 ICT" skipped="0">
  <testcase classname="automation.testsuite.D16_Alert_SendKey" name="Test_alert_sendkey" time="4.748"/>
</testsuite> <!-- automation.testsuite.D16_Alert_SendKey -->
