<?xml version="1.0" encoding="UTF-8"?>
<!-- Generated by org.testng.reporters.JUnitReportReporter -->
<testsuite hostname="DESKTOP-INO9JMG" failures="0" tests="1" name="automation.testsuite.D12_checkbox" time="0.232" errors="0" timestamp="2023-09-05T22:22:43 ICT" skipped="0">
  <testcase classname="automation.testsuite.D12_checkbox" name="handle_checkbox" time="0.232"/>
</testsuite> <!-- automation.testsuite.D12_checkbox -->
