<?xml version="1.0" encoding="UTF-8"?>
<!-- Generated by org.testng.reporters.JUnitReportReporter -->
<testsuite hostname="DESKTOP-INO9JMG" failures="0" tests="1" name="automation.testsuite.D16_alert" time="4.220" errors="0" timestamp="2023-08-23T20:47:15 ICT" skipped="0">
  <testcase classname="automation.testsuite.D16_alert" name="TestAlert01" time="4.220"/>
</testsuite> <!-- automation.testsuite.D16_alert -->
