<?xml version="1.0" encoding="UTF-8"?>
<!-- Generated by org.testng.reporters.JUnitReportReporter -->
<testsuite hostname="DESKTOP-INO9JMG" failures="0" tests="1" name="alert_wwindows_ifame.D17_alert_newpage" time="5.031" errors="0" timestamp="2023-08-27T16:46:34 ICT" skipped="0">
  <testcase classname="alert_wwindows_ifame.D17_alert_newpage" name="Testpopupwindows" time="5.031"/>
</testsuite> <!-- alert_wwindows_ifame.D17_alert_newpage -->
