<?xml version="1.0" encoding="UTF-8"?>
<!-- Generated by org.testng.reporters.JUnitReportReporter -->
<testsuite hostname="DESKTOP-INO9JMG" failures="0" tests="1" name="automation.testsuite.Day14_HW_Login_Test" time="51.925" errors="0" timestamp="2023-08-18T13:53:11 ICT" skipped="0">
  <testcase classname="automation.testsuite.Day14_HW_Login_Test" name="registersuccessfully" time="51.925"/>
</testsuite> <!-- automation.testsuite.Day14_HW_Login_Test -->
