<?xml version="1.0" encoding="UTF-8"?>
<!-- Generated by org.testng.reporters.JUnitReportReporter -->
<testsuite hostname="DESKTOP-INO9JMG" failures="0" tests="1" name="automation.testsuite.D12_radiobutton" time="9.910" errors="0" timestamp="2023-08-09T20:35:08 ICT" skipped="0">
  <testcase classname="automation.testsuite.D12_radiobutton" name="handle_radio" time="9.910"/>
</testsuite> <!-- automation.testsuite.D12_radiobutton -->
