<?xml version="1.0" encoding="UTF-8"?>
<!-- Generated by org.testng.reporters.JUnitReportReporter -->
<testsuite hostname="DESKTOP-INO9JMG" failures="0" tests="2" name="alert_wwindows_ifame.IFrame_ExplicitWait" time="49.031" errors="0" timestamp="2023-08-27T17:45:22 ICT" skipped="0">
  <testcase classname="alert_wwindows_ifame.IFrame_ExplicitWait" name="findIFrame1" time="38.993"/>
  <testcase classname="alert_wwindows_ifame.IFrame_ExplicitWait" name="handleIFrame" time="10.038"/>
</testsuite> <!-- alert_wwindows_ifame.IFrame_ExplicitWait -->
