<?xml version="1.0" encoding="UTF-8"?>
<!-- Generated by org.testng.reporters.JUnitReportReporter -->
<testsuite hostname="DESKTOP-INO9JMG" failures="0" tests="1" name="automation.testsuite.D12_multiselect" time="8.084" errors="0" timestamp="2023-08-09T22:32:18 ICT" skipped="0">
  <testcase classname="automation.testsuite.D12_multiselect" name="multiCheckbox" time="8.084"/>
</testsuite> <!-- automation.testsuite.D12_multiselect -->
