<?xml version="1.0" encoding="UTF-8"?>
<!-- Generated by org.testng.reporters.JUnitReportReporter -->
<testsuite hostname="DESKTOP-INO9JMG" failures="0" tests="1" name="automation.testsuite.D12_dropdown" time="14.180" errors="0" timestamp="2023-08-09T20:59:51 ICT" skipped="0">
  <testcase classname="automation.testsuite.D12_dropdown" name="handle_dropdown" time="14.180"/>
</testsuite> <!-- automation.testsuite.D12_dropdown -->
