<?xml version="1.0" encoding="UTF-8"?>
<!-- Generated by org.testng.reporters.JUnitReportReporter -->
<testsuite hostname="DESKTOP-INO9JMG" failures="0" tests="1" name="automation.testsuite.Day14_RegisterTestFactory" time="48.115" errors="0" timestamp="2023-08-18T12:10:15 ICT" skipped="0">
  <testcase classname="automation.testsuite.Day14_RegisterTestFactory" name="registersuccessfully" time="48.115"/>
</testsuite> <!-- automation.testsuite.Day14_RegisterTestFactory -->
