<?xml version="1.0" encoding="UTF-8"?>
<!-- Generated by org.testng.reporters.JUnitReportReporter -->
<testsuite hostname="DESKTOP-INO9JMG" failures="0" tests="1" name="automation.testsuite.SearchFlights_Day16" time="0.513" errors="0" timestamp="2023-07-19T20:54:35 ICT" skipped="0">
  <testcase classname="automation.testsuite.SearchFlights_Day16" name="ChooseDatePicker" time="0.513"/>
</testsuite> <!-- automation.testsuite.SearchFlights_Day16 -->
