<?xml version="1.0" encoding="UTF-8"?>
<!-- Generated by org.testng.reporters.JUnitReportReporter -->
<testsuite hostname="DESKTOP-INO9JMG" failures="0" tests="1" name="alert_wwindows_ifame.D17_HW_Codestar_chat" time="33.582" errors="0" timestamp="2023-08-30T18:59:12 ICT" skipped="0">
  <testcase classname="alert_wwindows_ifame.D17_HW_Codestar_chat" name="register_fail" time="33.582"/>
</testsuite> <!-- alert_wwindows_ifame.D17_HW_Codestar_chat -->
