<?xml version="1.0" encoding="UTF-8"?>
<!-- Generated by org.testng.reporters.JUnitReportReporter -->
<testsuite hostname="DESKTOP-INO9JMG" failures="0" tests="1" name="automation.testsuite.D12_checkbox" time="0.132" errors="0" timestamp="2023-08-09T20:15:34 ICT" skipped="0">
  <testcase classname="automation.testsuite.D12_checkbox" name="handle_checkbox" time="0.132"/>
</testsuite> <!-- automation.testsuite.D12_checkbox -->
