<?xml version="1.0" encoding="UTF-8"?>
<!-- Generated by org.testng.reporters.JUnitReportReporter -->
<testsuite hostname="DESKTOP-INO9JMG" failures="0" tests="1" name="automation.testsuite.Day14_RegisterTestFactory" time="23.600" errors="0" timestamp="2023-08-16T22:34:08 ICT" skipped="0">
  <testcase classname="automation.testsuite.Day14_RegisterTestFactory" name="registersuccessfully" time="23.600"/>
</testsuite> <!-- automation.testsuite.Day14_RegisterTestFactory -->
