<?xml version="1.0" encoding="UTF-8"?>
<!-- Generated by org.testng.reporters.JUnitReportReporter -->
<testsuite hostname="DESKTOP-INO9JMG" failures="0" tests="1" name="alert_wwindows_ifame.D17_HW_Dang_ky_nhan_tai_lieu" time="27.083" errors="0" timestamp="2023-08-30T07:01:30 ICT" skipped="0">
  <testcase classname="alert_wwindows_ifame.D17_HW_Dang_ky_nhan_tai_lieu" name="register_fail" time="27.083"/>
</testsuite> <!-- alert_wwindows_ifame.D17_HW_Dang_ky_nhan_tai_lieu -->
