<?xml version="1.0" encoding="UTF-8"?>
<!-- Generated by org.testng.reporters.JUnitReportReporter -->
<testsuite hostname="DESKTOP-INO9JMG" failures="0" tests="2" name="automation.testsuite.D18_Rise_Login_Test" time="96.007" errors="0" timestamp="2023-09-05T23:28:52 ICT" skipped="0">
  <testcase classname="automation.testsuite.D18_Rise_Login_Test" name="loginsuccessfully" time="72.456"/>
  <testcase classname="automation.testsuite.D18_Rise_Login_Test" name="loginsuccessfully" time="23.551"/>
</testsuite> <!-- automation.testsuite.D18_Rise_Login_Test -->
